<?xml version="1.0" encoding="utf-8"?><testsuites><testsuite name="pytest" errors="0" failures="0" skipped="2" tests="18" time="0.159" timestamp="2021-09-26T15:01:43.978623" hostname="Burhanuddins-MacBook-Pro.local"><testcase classname="tests.unit.test_bank_account.TestBankAccount" name="test_default_empty_bank_account" time="0.002" /><testcase classname="tests.unit.test_bank_account.TestBankAccount" name="test_non_empty_bank_account" time="0.001" /><testcase classname="tests.unit.test_bank_account.TestBankAccount" name="test_custom_non_empty_bank_account" time="0.000"><skipped type="pytest.skip" message="Learning skip">/Users/burhanuddinbhopalwala/Desktop/apps/py-aws-sam-cdk-app/tests/unit/test_bank_account.py:65: Learning skip</skipped></testcase><testcase classname="tests.unit.test_bank_account.TestBankAccount" name="test_deposit_empty_bank_account" time="0.001" /><testcase classname="tests.unit.test_bank_account.TestBankAccount" name="test_invalid_deposit_empty_bank_account" time="0.000"><skipped type="pytest.skip" message="Test skipif">/Users/burhanuddinbhopalwala/Desktop/apps/py-aws-sam-cdk-app/tests/unit/test_bank_account.py:73: Test skipif</skipped></testcase><testcase classname="tests.unit.test_bank_account.TestBankAccount" name="test_deposit_non_empty_bank_account" time="0.001" /><testcase classname="tests.unit.test_bank_account.TestBankAccount" name="test_invalid_deposit_non_empty_bank_account" time="0.001" /><testcase classname="tests.unit.test_bank_account.TestBankAccount" name="test_withdraw_non_empty_bank_account" time="0.001" /><testcase classname="tests.unit.test_bank_account.TestBankAccount" name="test_withdraw_empty_bank_account" time="0.001" /><testcase classname="tests.unit.test_bank_account.TestBankAccount" name="test_invalid_withdraw_empty_bank_account" time="0.001" /><testcase classname="tests.unit.test_bank_account.TestBankAccount" name="test_invalid_withdraw_non_empty_bank_account" time="0.001" /><testcase classname="tests.unit.test_bank_account.TestBankAccount" name="test_transactions_empty_bank_account[100-25-75]" time="0.001" /><testcase classname="tests.unit.test_bank_account.TestBankAccount" name="test_transactions_empty_bank_account[100-50-50]" time="0.001" /><testcase classname="tests.unit.test_bank_account.TestBankAccount" name="test_transactions_empty_bank_account[50-25-25]" time="0.001" /><testcase classname="tests.unit.test_bank_account.TestBankAccount" name="test_transactions_non_empty_bank_account[100-25-175]" time="0.001" /><testcase classname="tests.unit.test_bank_account.TestBankAccount" name="test_transactions_non_empty_bank_account[100-50-150]" time="0.001" /><testcase classname="tests.unit.test_bank_account.TestBankAccount" name="test_transactions_non_empty_bank_account[50-25-125]" time="0.001" /><testcase classname="tests.unit.test_bank_account.TestBankAccount" name="test_static_count" time="0.001" /></testsuite></testsuites>
